{"/Users/parulbhardwaj/Desktop/ACS-3310-JavaScript-Libraries/date-lib-npm/index.js": {"path":"/Users/parulbhardwaj/Desktop/ACS-3310-JavaScript-Libraries/date-lib-npm/index.js","statementMap":{"0":{"start":{"line":3,"column":13},"end":{"line":3,"column":91}},"1":{"start":{"line":4,"column":12},"end":{"line":4,"column":63}},"2":{"start":{"line":6,"column":15},"end":{"line":6,"column":137}},"3":{"start":{"line":7,"column":13},"end":{"line":7,"column":97}},"4":{"start":{"line":22,"column":4},"end":{"line":22,"column":35}},"5":{"start":{"line":31,"column":4},"end":{"line":31,"column":36}},"6":{"start":{"line":39,"column":4},"end":{"line":39,"column":42}},"7":{"start":{"line":47,"column":4},"end":{"line":47,"column":41}},"8":{"start":{"line":55,"column":4},"end":{"line":55,"column":39}},"9":{"start":{"line":63,"column":4},"end":{"line":63,"column":37}},"10":{"start":{"line":72,"column":4},"end":{"line":72,"column":36}},"11":{"start":{"line":80,"column":4},"end":{"line":80,"column":32}},"12":{"start":{"line":88,"column":4},"end":{"line":88,"column":33}},"13":{"start":{"line":96,"column":4},"end":{"line":96,"column":35}},"14":{"start":{"line":104,"column":4},"end":{"line":104,"column":35}},"15":{"start":{"line":115,"column":20},"end":{"line":144,"column":15}},"16":{"start":{"line":116,"column":6},"end":{"line":143,"column":7}},"17":{"start":{"line":118,"column":10},"end":{"line":118,"column":27}},"18":{"start":{"line":120,"column":10},"end":{"line":120,"column":25}},"19":{"start":{"line":122,"column":10},"end":{"line":122,"column":28}},"20":{"start":{"line":124,"column":10},"end":{"line":124,"column":26}},"21":{"start":{"line":126,"column":10},"end":{"line":126,"column":55}},"22":{"start":{"line":128,"column":10},"end":{"line":128,"column":27}},"23":{"start":{"line":130,"column":10},"end":{"line":130,"column":56}},"24":{"start":{"line":132,"column":10},"end":{"line":132,"column":28}},"25":{"start":{"line":134,"column":10},"end":{"line":134,"column":55}},"26":{"start":{"line":136,"column":10},"end":{"line":136,"column":27}},"27":{"start":{"line":138,"column":10},"end":{"line":138,"column":55}},"28":{"start":{"line":140,"column":10},"end":{"line":140,"column":27}},"29":{"start":{"line":142,"column":10},"end":{"line":142,"column":22}},"30":{"start":{"line":145,"column":4},"end":{"line":145,"column":19}},"31":{"start":{"line":155,"column":24},"end":{"line":155,"column":34}},"32":{"start":{"line":156,"column":26},"end":{"line":156,"column":71}},"33":{"start":{"line":158,"column":4},"end":{"line":160,"column":5}},"34":{"start":{"line":159,"column":6},"end":{"line":159,"column":21}},"35":{"start":{"line":161,"column":20},"end":{"line":161,"column":43}},"36":{"start":{"line":162,"column":20},"end":{"line":162,"column":44}},"37":{"start":{"line":163,"column":18},"end":{"line":163,"column":42}},"38":{"start":{"line":164,"column":17},"end":{"line":164,"column":39}},"39":{"start":{"line":165,"column":19},"end":{"line":165,"column":40}},"40":{"start":{"line":166,"column":18},"end":{"line":166,"column":41}},"41":{"start":{"line":168,"column":4},"end":{"line":170,"column":5}},"42":{"start":{"line":169,"column":6},"end":{"line":169,"column":100}},"43":{"start":{"line":170,"column":6},"end":{"line":172,"column":5}},"44":{"start":{"line":171,"column":6},"end":{"line":171,"column":104}},"45":{"start":{"line":172,"column":6},"end":{"line":174,"column":5}},"46":{"start":{"line":173,"column":6},"end":{"line":173,"column":96}},"47":{"start":{"line":174,"column":6},"end":{"line":176,"column":5}},"48":{"start":{"line":175,"column":6},"end":{"line":175,"column":100}},"49":{"start":{"line":176,"column":6},"end":{"line":178,"column":5}},"50":{"start":{"line":177,"column":6},"end":{"line":177,"column":108}},"51":{"start":{"line":179,"column":4},"end":{"line":179,"column":106}},"52":{"start":{"line":183,"column":0},"end":{"line":183,"column":19}}},"fnMap":{"0":{"name":"(anonymous_0)","decl":{"start":{"line":20,"column":2},"end":{"line":20,"column":3}},"loc":{"start":{"line":20,"column":23},"end":{"line":23,"column":3}},"line":20},"1":{"name":"(anonymous_1)","decl":{"start":{"line":30,"column":2},"end":{"line":30,"column":3}},"loc":{"start":{"line":30,"column":13},"end":{"line":32,"column":3}},"line":30},"2":{"name":"(anonymous_2)","decl":{"start":{"line":38,"column":2},"end":{"line":38,"column":3}},"loc":{"start":{"line":38,"column":11},"end":{"line":40,"column":3}},"line":38},"3":{"name":"(anonymous_3)","decl":{"start":{"line":46,"column":2},"end":{"line":46,"column":3}},"loc":{"start":{"line":46,"column":14},"end":{"line":48,"column":3}},"line":46},"4":{"name":"(anonymous_4)","decl":{"start":{"line":54,"column":2},"end":{"line":54,"column":3}},"loc":{"start":{"line":54,"column":12},"end":{"line":56,"column":3}},"line":54},"5":{"name":"(anonymous_5)","decl":{"start":{"line":62,"column":2},"end":{"line":62,"column":3}},"loc":{"start":{"line":62,"column":12},"end":{"line":64,"column":3}},"line":62},"6":{"name":"(anonymous_6)","decl":{"start":{"line":71,"column":2},"end":{"line":71,"column":3}},"loc":{"start":{"line":71,"column":11},"end":{"line":73,"column":3}},"line":71},"7":{"name":"(anonymous_7)","decl":{"start":{"line":79,"column":2},"end":{"line":79,"column":3}},"loc":{"start":{"line":79,"column":13},"end":{"line":81,"column":3}},"line":79},"8":{"name":"(anonymous_8)","decl":{"start":{"line":87,"column":2},"end":{"line":87,"column":3}},"loc":{"start":{"line":87,"column":14},"end":{"line":89,"column":3}},"line":87},"9":{"name":"(anonymous_9)","decl":{"start":{"line":95,"column":2},"end":{"line":95,"column":3}},"loc":{"start":{"line":95,"column":13},"end":{"line":97,"column":3}},"line":95},"10":{"name":"(anonymous_10)","decl":{"start":{"line":103,"column":2},"end":{"line":103,"column":3}},"loc":{"start":{"line":103,"column":13},"end":{"line":105,"column":3}},"line":103},"11":{"name":"(anonymous_11)","decl":{"start":{"line":114,"column":2},"end":{"line":114,"column":3}},"loc":{"start":{"line":114,"column":25},"end":{"line":146,"column":3}},"line":114},"12":{"name":"(anonymous_12)","decl":{"start":{"line":115,"column":39},"end":{"line":115,"column":40}},"loc":{"start":{"line":115,"column":49},"end":{"line":144,"column":5}},"line":115},"13":{"name":"(anonymous_13)","decl":{"start":{"line":154,"column":2},"end":{"line":154,"column":3}},"loc":{"start":{"line":154,"column":9},"end":{"line":180,"column":3}},"line":154}},"branchMap":{"0":{"loc":{"start":{"line":114,"column":9},"end":{"line":114,"column":23}},"type":"default-arg","locations":[{"start":{"line":114,"column":16},"end":{"line":114,"column":23}}],"line":114},"1":{"loc":{"start":{"line":116,"column":6},"end":{"line":143,"column":7}},"type":"switch","locations":[{"start":{"line":117,"column":8},"end":{"line":118,"column":27}},{"start":{"line":119,"column":8},"end":{"line":120,"column":25}},{"start":{"line":121,"column":8},"end":{"line":122,"column":28}},{"start":{"line":123,"column":8},"end":{"line":124,"column":26}},{"start":{"line":125,"column":8},"end":{"line":126,"column":55}},{"start":{"line":127,"column":8},"end":{"line":128,"column":27}},{"start":{"line":129,"column":8},"end":{"line":130,"column":56}},{"start":{"line":131,"column":8},"end":{"line":132,"column":28}},{"start":{"line":133,"column":8},"end":{"line":134,"column":55}},{"start":{"line":135,"column":8},"end":{"line":136,"column":27}},{"start":{"line":137,"column":8},"end":{"line":138,"column":55}},{"start":{"line":139,"column":8},"end":{"line":140,"column":27}},{"start":{"line":141,"column":8},"end":{"line":142,"column":22}}],"line":116},"2":{"loc":{"start":{"line":158,"column":4},"end":{"line":160,"column":5}},"type":"if","locations":[{"start":{"line":158,"column":4},"end":{"line":160,"column":5}},{"start":{},"end":{}}],"line":158},"3":{"loc":{"start":{"line":168,"column":4},"end":{"line":170,"column":5}},"type":"if","locations":[{"start":{"line":168,"column":4},"end":{"line":170,"column":5}},{"start":{},"end":{}}],"line":168},"4":{"loc":{"start":{"line":169,"column":25},"end":{"line":169,"column":55}},"type":"cond-expr","locations":[{"start":{"line":169,"column":39},"end":{"line":169,"column":45}},{"start":{"line":169,"column":48},"end":{"line":169,"column":55}}],"line":169},"5":{"loc":{"start":{"line":169,"column":59},"end":{"line":169,"column":97}},"type":"cond-expr","locations":[{"start":{"line":169,"column":79},"end":{"line":169,"column":89}},{"start":{"line":169,"column":92},"end":{"line":169,"column":97}}],"line":169},"6":{"loc":{"start":{"line":170,"column":6},"end":{"line":172,"column":5}},"type":"if","locations":[{"start":{"line":170,"column":6},"end":{"line":172,"column":5}},{"start":{},"end":{}}],"line":170},"7":{"loc":{"start":{"line":171,"column":26},"end":{"line":171,"column":59}},"type":"cond-expr","locations":[{"start":{"line":171,"column":41},"end":{"line":171,"column":48}},{"start":{"line":171,"column":51},"end":{"line":171,"column":59}}],"line":171},"8":{"loc":{"start":{"line":171,"column":63},"end":{"line":171,"column":101}},"type":"cond-expr","locations":[{"start":{"line":171,"column":83},"end":{"line":171,"column":93}},{"start":{"line":171,"column":96},"end":{"line":171,"column":101}}],"line":171},"9":{"loc":{"start":{"line":172,"column":6},"end":{"line":174,"column":5}},"type":"if","locations":[{"start":{"line":172,"column":6},"end":{"line":174,"column":5}},{"start":{},"end":{}}],"line":172},"10":{"loc":{"start":{"line":173,"column":24},"end":{"line":173,"column":51}},"type":"cond-expr","locations":[{"start":{"line":173,"column":37},"end":{"line":173,"column":42}},{"start":{"line":173,"column":45},"end":{"line":173,"column":51}}],"line":173},"11":{"loc":{"start":{"line":173,"column":55},"end":{"line":173,"column":93}},"type":"cond-expr","locations":[{"start":{"line":173,"column":75},"end":{"line":173,"column":85}},{"start":{"line":173,"column":88},"end":{"line":173,"column":93}}],"line":173},"12":{"loc":{"start":{"line":174,"column":6},"end":{"line":176,"column":5}},"type":"if","locations":[{"start":{"line":174,"column":6},"end":{"line":176,"column":5}},{"start":{},"end":{}}],"line":174},"13":{"loc":{"start":{"line":175,"column":25},"end":{"line":175,"column":55}},"type":"cond-expr","locations":[{"start":{"line":175,"column":39},"end":{"line":175,"column":45}},{"start":{"line":175,"column":48},"end":{"line":175,"column":55}}],"line":175},"14":{"loc":{"start":{"line":175,"column":59},"end":{"line":175,"column":97}},"type":"cond-expr","locations":[{"start":{"line":175,"column":79},"end":{"line":175,"column":89}},{"start":{"line":175,"column":92},"end":{"line":175,"column":97}}],"line":175},"15":{"loc":{"start":{"line":176,"column":6},"end":{"line":178,"column":5}},"type":"if","locations":[{"start":{"line":176,"column":6},"end":{"line":178,"column":5}},{"start":{},"end":{}}],"line":176},"16":{"loc":{"start":{"line":177,"column":27},"end":{"line":177,"column":63}},"type":"cond-expr","locations":[{"start":{"line":177,"column":43},"end":{"line":177,"column":51}},{"start":{"line":177,"column":54},"end":{"line":177,"column":63}}],"line":177},"17":{"loc":{"start":{"line":177,"column":67},"end":{"line":177,"column":105}},"type":"cond-expr","locations":[{"start":{"line":177,"column":87},"end":{"line":177,"column":97}},{"start":{"line":177,"column":100},"end":{"line":177,"column":105}}],"line":177},"18":{"loc":{"start":{"line":179,"column":25},"end":{"line":179,"column":61}},"type":"cond-expr","locations":[{"start":{"line":179,"column":41},"end":{"line":179,"column":49}},{"start":{"line":179,"column":52},"end":{"line":179,"column":61}}],"line":179},"19":{"loc":{"start":{"line":179,"column":65},"end":{"line":179,"column":103}},"type":"cond-expr","locations":[{"start":{"line":179,"column":85},"end":{"line":179,"column":95}},{"start":{"line":179,"column":98},"end":{"line":179,"column":103}}],"line":179}},"s":{"0":1,"1":1,"2":1,"3":1,"4":6,"5":3,"6":2,"7":3,"8":2,"9":1,"10":1,"11":4,"12":4,"13":4,"14":4,"15":5,"16":31,"17":2,"18":1,"19":2,"20":1,"21":2,"22":1,"23":1,"24":2,"25":2,"26":1,"27":2,"28":1,"29":13,"30":5,"31":4,"32":4,"33":4,"34":1,"35":3,"36":3,"37":3,"38":3,"39":3,"40":3,"41":3,"42":3,"43":0,"44":0,"45":0,"46":0,"47":0,"48":0,"49":0,"50":0,"51":0,"52":1},"f":{"0":6,"1":3,"2":2,"3":3,"4":2,"5":1,"6":1,"7":4,"8":4,"9":4,"10":4,"11":5,"12":31,"13":4},"b":{"0":[1],"1":[2,1,2,1,2,1,1,2,2,1,2,1,13],"2":[1,3],"3":[3,0],"4":[2,1],"5":[1,2],"6":[0,0],"7":[0,0],"8":[0,0],"9":[0,0],"10":[0,0],"11":[0,0],"12":[0,0],"13":[0,0],"14":[0,0],"15":[0,0],"16":[0,0],"17":[0,0],"18":[0,0],"19":[0,0]},"_coverageSchema":"1a1c01bbd47fc00a2c39e90264f33305004495a9","hash":"25c988723fe9c7a4af59d017069ba4e10b0cbc41"}
}
