TN:
SF:index.js
FN:20,(anonymous_0)
FN:30,(anonymous_1)
FN:38,(anonymous_2)
FN:46,(anonymous_3)
FN:54,(anonymous_4)
FN:62,(anonymous_5)
FN:71,(anonymous_6)
FN:79,(anonymous_7)
FN:87,(anonymous_8)
FN:95,(anonymous_9)
FN:103,(anonymous_10)
FN:114,(anonymous_11)
FN:115,(anonymous_12)
FN:154,(anonymous_13)
FNF:14
FNH:14
FNDA:6,(anonymous_0)
FNDA:3,(anonymous_1)
FNDA:2,(anonymous_2)
FNDA:3,(anonymous_3)
FNDA:2,(anonymous_4)
FNDA:1,(anonymous_5)
FNDA:1,(anonymous_6)
FNDA:4,(anonymous_7)
FNDA:4,(anonymous_8)
FNDA:4,(anonymous_9)
FNDA:4,(anonymous_10)
FNDA:5,(anonymous_11)
FNDA:31,(anonymous_12)
FNDA:4,(anonymous_13)
DA:3,1
DA:4,1
DA:6,1
DA:7,1
DA:22,6
DA:31,3
DA:39,2
DA:47,3
DA:55,2
DA:63,1
DA:72,1
DA:80,4
DA:88,4
DA:96,4
DA:104,4
DA:115,5
DA:116,31
DA:118,2
DA:120,1
DA:122,2
DA:124,1
DA:126,2
DA:128,1
DA:130,1
DA:132,2
DA:134,2
DA:136,1
DA:138,2
DA:140,1
DA:142,13
DA:145,5
DA:155,4
DA:156,4
DA:158,4
DA:159,1
DA:161,3
DA:162,3
DA:163,3
DA:164,3
DA:165,3
DA:166,3
DA:168,3
DA:169,3
DA:170,0
DA:171,0
DA:172,0
DA:173,0
DA:174,0
DA:175,0
DA:176,0
DA:177,0
DA:179,0
DA:183,1
LF:53
LH:44
BRDA:114,0,0,1
BRDA:116,1,0,2
BRDA:116,1,1,1
BRDA:116,1,2,2
BRDA:116,1,3,1
BRDA:116,1,4,2
BRDA:116,1,5,1
BRDA:116,1,6,1
BRDA:116,1,7,2
BRDA:116,1,8,2
BRDA:116,1,9,1
BRDA:116,1,10,2
BRDA:116,1,11,1
BRDA:116,1,12,13
BRDA:158,2,0,1
BRDA:158,2,1,3
BRDA:168,3,0,3
BRDA:168,3,1,0
BRDA:169,4,0,2
BRDA:169,4,1,1
BRDA:169,5,0,1
BRDA:169,5,1,2
BRDA:170,6,0,0
BRDA:170,6,1,0
BRDA:171,7,0,0
BRDA:171,7,1,0
BRDA:171,8,0,0
BRDA:171,8,1,0
BRDA:172,9,0,0
BRDA:172,9,1,0
BRDA:173,10,0,0
BRDA:173,10,1,0
BRDA:173,11,0,0
BRDA:173,11,1,0
BRDA:174,12,0,0
BRDA:174,12,1,0
BRDA:175,13,0,0
BRDA:175,13,1,0
BRDA:175,14,0,0
BRDA:175,14,1,0
BRDA:176,15,0,0
BRDA:176,15,1,0
BRDA:177,16,0,0
BRDA:177,16,1,0
BRDA:177,17,0,0
BRDA:177,17,1,0
BRDA:179,18,0,0
BRDA:179,18,1,0
BRDA:179,19,0,0
BRDA:179,19,1,0
BRF:50
BRH:21
end_of_record
